<?xml version="1.0" encoding="UTF-8"?>
<!-- Generated by org.testng.reporters.JUnitReportReporter -->
<testsuite skipped="0" hostname="Alpha-PC" name="sanity.GrafanaAPI" tests="4" failures="0" timestamp="2022-06-28T21:08:33 IDT" time="2.100" errors="0">
  <testcase name="test03_updateTeamAndVerify" time="0.153" classname="sanity.GrafanaAPI"/>
  <system-out/>
  <testcase name="test02_addTeamAndVerify" time="0.133" classname="sanity.GrafanaAPI"/>
  <system-out/>
  <testcase name="test04_deleteTeamAndVerify" time="0.100" classname="sanity.GrafanaAPI"/>
  <system-out/>
  <testcase name="test01_verifyTeam" time="1.714" classname="sanity.GrafanaAPI"/>
  <system-out/>
</testsuite> <!-- sanity.GrafanaAPI -->
