<?xml version="1.0" encoding="UTF-8"?>
<!-- Generated by org.testng.reporters.JUnitReportReporter -->
<testsuite skipped="0" hostname="Alpha-PC" name="sanity.CalculatorDesktop" tests="1" failures="0" timestamp="2022-06-28T21:42:46 IDT" time="16.999" errors="0">
  <testcase name="Test01_verifyAdditionCommand" time="16.999" classname="sanity.CalculatorDesktop"/>
  <system-out/>
</testsuite> <!-- sanity.CalculatorDesktop -->
