<?xml version="1.0" encoding="UTF-8"?>
<!-- Generated by org.testng.reporters.JUnitReportReporter -->
<testsuite skipped="0" hostname="LAPTOP-45UKUK31" name="sanity.GrafanaWeb" tests="9" failures="0" timestamp="2022-07-14T01:06:17 IDT" time="39.523" errors="0">
  <testcase name="Test02_VerifyDefaultUsers" time="0.906" classname="sanity.GrafanaWeb"/>
  <system-out/>
  <testcase name="Test07_searchUsers" time="13.191" classname="sanity.GrafanaWeb"/>
  <system-out/>
  <testcase name="Test07_searchUsers" time="14.333" classname="sanity.GrafanaWeb"/>
  <system-out/>
  <testcase name="Test03_VerifyNewUser" time="1.704" classname="sanity.GrafanaWeb"/>
  <system-out/>
  <testcase name="Test05_verifyBasicSteps" time="0.537" classname="sanity.GrafanaWeb"/>
  <system-out/>
  <testcase name="Test06_verifyAvatarIcon" time="1.331" classname="sanity.GrafanaWeb"/>
  <system-out/>
  <testcase name="Test01_VerifyHeader" time="1.842" classname="sanity.GrafanaWeb"/>
  <system-out/>
  <testcase name="Test04_VerifyUserDeletion" time="1.403" classname="sanity.GrafanaWeb"/>
  <system-out/>
  <testcase name="Test07_searchUsers" time="4.276" classname="sanity.GrafanaWeb"/>
  <system-out/>
</testsuite> <!-- sanity.GrafanaWeb -->
