<?xml version="1.0" encoding="UTF-8"?>
<!-- Generated by org.testng.reporters.JUnitReportReporter -->
<testsuite skipped="0" hostname="Alpha-PC" name="sanity.TodoListElectron" tests="2" failures="0" timestamp="2022-06-28T21:10:03 IDT" time="11.763" errors="0">
  <testcase name="Test01_AddAndVerifyNewTask" time="0.818" classname="sanity.TodoListElectron"/>
  <system-out/>
  <testcase name="Test02_AddAndVerifyNewTask" time="10.945" classname="sanity.TodoListElectron"/>
  <system-out/>
</testsuite> <!-- sanity.TodoListElectron -->
